2022-07-05T08:40:02.033-03:00 [1] DEBUG GeneXus.Configuration.Config - DOMConfigurator log4net configured with log.console.config
2022-07-05T08:40:02.039-03:00 [1] DEBUG GeneXus.Configuration.Config - GxClasses version:20201014141201.2e5915b4b7939e69c812cee9e75ca95fbdd9db08
2022-07-05T08:40:02.041-03:00 [1] DEBUG GeneXus.Configuration.Config - Start loadConfig, filename 'client.exe.config'
2022-07-05T08:40:02.042-03:00 [1] DEBUG GeneXus.Configuration.Config - Return loadConfig
2022-07-05T08:40:02.045-03:00 [1] DEBUG GeneXus.Application.GxContext - GxContext.Ctr Default handle:1
2022-07-05T08:40:02.052-03:00 [1] DEBUG GeneXus.Data.ADO.GxConnectionManager - Setting CONN_TIMEOUT to: 30 seconds
2022-07-05T08:40:02.053-03:00 [1] DEBUG GeneXus.Data.ADO.GxConnectionManager - GxConnectionManager.NewConnection   handle: 1, datasource:GXFLOW
2022-07-05T08:40:02.082-03:00 [1] DEBUG GeneXus.Application.GXFileWatcher - DeleteFiles BlobsTemp
2022-07-05T08:40:02.084-03:00 [1] DEBUG GeneXus.Configuration.Preferences - BLOB_PATH:d:\KBs\GIA\GIA_RMS\CSharpModel\web\Workflow\BlobsTemp\
2022-07-05T08:40:02.085-03:00 [1] DEBUG GeneXus.Cache.CacheFactory - Loading Default CACHE_PROVIDER InMemoryCache
2022-07-05T08:40:02.085-03:00 [1] DEBUG GeneXus.Cache.InProcessCache - Start InProcessCache.Ctr, initialize default scavenging process with 'GeneXus.Cache.SingletonCacheStorage'
2022-07-05T08:40:02.086-03:00 [1] DEBUG GeneXus.Cache.LruScavenging - Start LruScavenging.Init, initialize cacheStorage to 'GeneXus.Cache.SingletonCacheStorage'
2022-07-05T08:40:02.087-03:00 [1] DEBUG GeneXus.Data.ADO.GxConnection - Setting IsolationLevel : Read Commited
2022-07-05T08:40:02.087-03:00 [4] DEBUG GeneXus.Cache.InProcessCache - Start MonitorForExpirations loop 
2022-07-05T08:40:02.109-03:00 [1] DEBUG GeneXus.Metadata.ClassLoader - CreateInstance, Args 'GeneXus.Application.GxContext' 
2022-07-05T08:40:02.113-03:00 [1] DEBUG GeneXus.Data.NTier.DataStoreProvider - Start DataStoreProvider.Ctr, Parameters: handle '1', dataStoreHelper:GXflow.Programs.twfproject_bc__gam
2022-07-05T08:40:02.113-03:00 [1] DEBUG GeneXus.Data.ADO.GxConnectionManager - GxConnectionManager.NewConnection   handle: 1, datasource:GAM
2022-07-05T08:40:02.113-03:00 [1] DEBUG GeneXus.Data.ADO.GxConnection - Setting IsolationLevel : Read Commited
2022-07-05T08:40:02.114-03:00 [1] ERROR GeneXus.Data.NTier.DataStoreProvider - GXflow.Programs.twfproject_bc__gam Datastore GAM not found in app config
2022-07-05T08:40:02.114-03:00 [1] DEBUG GeneXus.Data.NTier.DataStoreProvider - Start DataStoreProvider.Ctr, Parameters: handle '1', dataStoreHelper:GXflow.Programs.twfproject_bc__default
2022-07-05T08:40:02.119-03:00 [1] DEBUG GeneXus.Metadata.ClassLoader - CreateInstance, Args 'GeneXus.Application.GxContext' 
2022-07-05T08:40:02.123-03:00 [1] DEBUG GeneXus.Data.NTier.DataStoreProvider - Start DataStoreProvider.Ctr, Parameters: handle '1', dataStoreHelper:GXflow.Programs.twfprocess_bc__gam
2022-07-05T08:40:02.123-03:00 [1] DEBUG GeneXus.Data.NTier.DataStoreProvider - Start DataStoreProvider.Ctr, Parameters: handle '1', dataStoreHelper:GXflow.Programs.twfprocess_bc__default
2022-07-05T08:40:02.133-03:00 [1] DEBUG GeneXus.Metadata.ClassLoader - CreateInstance, Args 'GeneXus.Application.GxContext' 
2022-07-05T08:40:02.134-03:00 [1] DEBUG GeneXus.Data.NTier.DataStoreProvider - Start DataStoreProvider.Ctr, Parameters: handle '1', dataStoreHelper:GXflow.Programs.twfattributes_bc__gam
2022-07-05T08:40:02.134-03:00 [1] DEBUG GeneXus.Data.NTier.DataStoreProvider - Start DataStoreProvider.Ctr, Parameters: handle '1', dataStoreHelper:GXflow.Programs.twfattributes_bc__default
2022-07-05T08:40:02.139-03:00 [1] DEBUG GeneXus.Metadata.ClassLoader - CreateInstance, Args 'GeneXus.Application.GxContext' 
2022-07-05T08:40:02.150-03:00 [1] DEBUG GeneXus.Data.NTier.DataStoreProvider - Start DataStoreProvider.Ctr, Parameters: handle '1', dataStoreHelper:GXflow.Programs.twftask_bc__gam
2022-07-05T08:40:02.150-03:00 [1] DEBUG GeneXus.Data.NTier.DataStoreProvider - Start DataStoreProvider.Ctr, Parameters: handle '1', dataStoreHelper:GXflow.Programs.twftask_bc__default
2022-07-05T08:40:02.185-03:00 [1] DEBUG GeneXus.Metadata.ClassLoader - CreateInstance, Args 'GeneXus.Application.GxContext' 
2022-07-05T08:40:02.186-03:00 [1] DEBUG GeneXus.Data.NTier.DataStoreProvider - Start DataStoreProvider.Ctr, Parameters: handle '1', dataStoreHelper:GXflow.Programs.twfstarttimer_bc__gam
2022-07-05T08:40:02.186-03:00 [1] DEBUG GeneXus.Data.NTier.DataStoreProvider - Start DataStoreProvider.Ctr, Parameters: handle '1', dataStoreHelper:GXflow.Programs.twfstarttimer_bc__default
2022-07-05T08:40:02.191-03:00 [1] DEBUG GeneXus.Metadata.ClassLoader - CreateInstance, Args 'GeneXus.Application.GxContext' 
2022-07-05T08:40:02.195-03:00 [1] DEBUG GeneXus.Data.NTier.DataStoreProvider - Start DataStoreProvider.Ctr, Parameters: handle '1', dataStoreHelper:GXflow.Programs.twfnetwork_bc__gam
2022-07-05T08:40:02.195-03:00 [1] DEBUG GeneXus.Data.NTier.DataStoreProvider - Start DataStoreProvider.Ctr, Parameters: handle '1', dataStoreHelper:GXflow.Programs.twfnetwork_bc__default
2022-07-05T08:40:02.204-03:00 [1] DEBUG GeneXus.Metadata.ClassLoader - CreateInstance, Args 'GeneXus.Application.GxContext' 
2022-07-05T08:40:02.205-03:00 [1] DEBUG GeneXus.Data.NTier.DataStoreProvider - Start DataStoreProvider.Ctr, Parameters: handle '1', dataStoreHelper:GXflow.Programs.twfnetwork1_bc__gam
2022-07-05T08:40:02.205-03:00 [1] DEBUG GeneXus.Data.NTier.DataStoreProvider - Start DataStoreProvider.Ctr, Parameters: handle '1', dataStoreHelper:GXflow.Programs.twfnetwork1_bc__default
2022-07-05T08:40:02.210-03:00 [1] DEBUG GeneXus.Metadata.ClassLoader - CreateInstance, Args 'GeneXus.Application.GxContext' 
2022-07-05T08:40:02.211-03:00 [1] DEBUG GeneXus.Data.NTier.DataStoreProvider - Start DataStoreProvider.Ctr, Parameters: handle '1', dataStoreHelper:GXflow.Programs.twfnetwork2_bc__gam
2022-07-05T08:40:02.211-03:00 [1] DEBUG GeneXus.Data.NTier.DataStoreProvider - Start DataStoreProvider.Ctr, Parameters: handle '1', dataStoreHelper:GXflow.Programs.twfnetwork2_bc__default
2022-07-05T08:40:02.216-03:00 [1] DEBUG GeneXus.Metadata.ClassLoader - CreateInstance, Args 'GeneXus.Application.GxContext' 
2022-07-05T08:40:02.217-03:00 [1] DEBUG GeneXus.Data.NTier.DataStoreProvider - Start DataStoreProvider.Ctr, Parameters: handle '1', dataStoreHelper:GXflow.Programs.twfattmap_bc__gam
2022-07-05T08:40:02.217-03:00 [1] DEBUG GeneXus.Data.NTier.DataStoreProvider - Start DataStoreProvider.Ctr, Parameters: handle '1', dataStoreHelper:GXflow.Programs.twfattmap_bc__default
2022-07-05T08:40:02.222-03:00 [1] DEBUG GeneXus.Metadata.ClassLoader - CreateInstance, Args 'GeneXus.Application.GxContext' 
2022-07-05T08:40:02.223-03:00 [1] DEBUG GeneXus.Data.NTier.DataStoreProvider - Start DataStoreProvider.Ctr, Parameters: handle '1', dataStoreHelper:GXflow.Programs.twftaskattributes_bc__gam
2022-07-05T08:40:02.223-03:00 [1] DEBUG GeneXus.Data.NTier.DataStoreProvider - Start DataStoreProvider.Ctr, Parameters: handle '1', dataStoreHelper:GXflow.Programs.twftaskattributes_bc__default
2022-07-05T08:40:02.226-03:00 [1] DEBUG GeneXus.Metadata.ClassLoader - CreateInstance, Args 'GeneXus.Application.GxContext' 
2022-07-05T08:40:02.227-03:00 [1] DEBUG GeneXus.Data.NTier.DataStoreProvider - Start DataStoreProvider.Ctr, Parameters: handle '1', dataStoreHelper:GXflow.Programs.twfdocuments_bc__gam
2022-07-05T08:40:02.227-03:00 [1] DEBUG GeneXus.Data.NTier.DataStoreProvider - Start DataStoreProvider.Ctr, Parameters: handle '1', dataStoreHelper:GXflow.Programs.twfdocuments_bc__default
2022-07-05T08:40:02.231-03:00 [1] DEBUG GeneXus.Metadata.ClassLoader - CreateInstance, Args 'GeneXus.Application.GxContext' 
2022-07-05T08:40:02.233-03:00 [1] DEBUG GeneXus.Data.NTier.DataStoreProvider - Start DataStoreProvider.Ctr, Parameters: handle '1', dataStoreHelper:GXflow.Programs.twfdoctskrol_bc__gam
2022-07-05T08:40:02.233-03:00 [1] DEBUG GeneXus.Data.NTier.DataStoreProvider - Start DataStoreProvider.Ctr, Parameters: handle '1', dataStoreHelper:GXflow.Programs.twfdoctskrol_bc__default
2022-07-05T08:40:02.242-03:00 [1] DEBUG GeneXus.Metadata.ClassLoader - CreateInstance, Args 'GeneXus.Application.GxContext' 
2022-07-05T08:40:02.243-03:00 [1] DEBUG GeneXus.Data.NTier.DataStoreProvider - Start DataStoreProvider.Ctr, Parameters: handle '1', dataStoreHelper:GXflow.Programs.twftaskapp_bc__gam
2022-07-05T08:40:02.243-03:00 [1] DEBUG GeneXus.Data.NTier.DataStoreProvider - Start DataStoreProvider.Ctr, Parameters: handle '1', dataStoreHelper:GXflow.Programs.twftaskapp_bc__default
2022-07-05T08:40:02.248-03:00 [1] DEBUG GeneXus.Metadata.ClassLoader - CreateInstance, Args 'GeneXus.Application.GxContext' 
2022-07-05T08:40:02.249-03:00 [1] DEBUG GeneXus.Data.NTier.DataStoreProvider - Start DataStoreProvider.Ctr, Parameters: handle '1', dataStoreHelper:GXflow.Programs.twftaskappmap_bc__gam
2022-07-05T08:40:02.249-03:00 [1] DEBUG GeneXus.Data.NTier.DataStoreProvider - Start DataStoreProvider.Ctr, Parameters: handle '1', dataStoreHelper:GXflow.Programs.twftaskappmap_bc__default
2022-07-05T08:40:02.254-03:00 [1] DEBUG GeneXus.Metadata.ClassLoader - CreateInstance, Args 'GeneXus.Application.GxContext' 
2022-07-05T08:40:02.256-03:00 [1] DEBUG GeneXus.Data.NTier.DataStoreProvider - Start DataStoreProvider.Ctr, Parameters: handle '1', dataStoreHelper:GXflow.Programs.twftaskdynappmap_bc__gam
2022-07-05T08:40:02.256-03:00 [1] DEBUG GeneXus.Data.NTier.DataStoreProvider - Start DataStoreProvider.Ctr, Parameters: handle '1', dataStoreHelper:GXflow.Programs.twftaskdynappmap_bc__default
2022-07-05T08:40:02.265-03:00 [1] DEBUG GeneXus.Metadata.ClassLoader - CreateInstance, Args 'GeneXus.Application.GxContext' 
2022-07-05T08:40:02.267-03:00 [1] DEBUG GeneXus.Data.NTier.DataStoreProvider - Start DataStoreProvider.Ctr, Parameters: handle '1', dataStoreHelper:GXflow.Programs.tcatpl_bc__gam
2022-07-05T08:40:02.267-03:00 [1] DEBUG GeneXus.Data.NTier.DataStoreProvider - Start DataStoreProvider.Ctr, Parameters: handle '1', dataStoreHelper:GXflow.Programs.tcatpl_bc__default
2022-07-05T08:40:02.274-03:00 [1] DEBUG GeneXus.Metadata.ClassLoader - CreateInstance, Args 'GeneXus.Application.GxContext' 
2022-07-05T08:40:02.278-03:00 [1] DEBUG GeneXus.Data.NTier.DataStoreProvider - Start DataStoreProvider.Ctr, Parameters: handle '1', dataStoreHelper:GXflow.Programs.tcactyp_bc__gam
2022-07-05T08:40:02.279-03:00 [1] DEBUG GeneXus.Data.NTier.DataStoreProvider - Start DataStoreProvider.Ctr, Parameters: handle '1', dataStoreHelper:GXflow.Programs.tcactyp_bc__default
2022-07-05T08:40:02.286-03:00 [1] DEBUG GeneXus.Metadata.ClassLoader - CreateInstance, Args 'GeneXus.Application.GxContext' 
2022-07-05T08:40:02.287-03:00 [1] DEBUG GeneXus.Data.NTier.DataStoreProvider - Start DataStoreProvider.Ctr, Parameters: handle '1', dataStoreHelper:GXflow.Programs.twfroles_bc__gam
2022-07-05T08:40:02.287-03:00 [1] DEBUG GeneXus.Data.NTier.DataStoreProvider - Start DataStoreProvider.Ctr, Parameters: handle '1', dataStoreHelper:GXflow.Programs.twfroles_bc__default
2022-07-05T08:40:02.294-03:00 [1] DEBUG GeneXus.Metadata.ClassLoader - CreateInstance, Args 'GeneXus.Application.GxContext' 
2022-07-05T08:40:02.296-03:00 [1] DEBUG GeneXus.Data.NTier.DataStoreProvider - Start DataStoreProvider.Ctr, Parameters: handle '1', dataStoreHelper:GXflow.Programs.twfrolhier_bc__gam
2022-07-05T08:40:02.296-03:00 [1] DEBUG GeneXus.Data.NTier.DataStoreProvider - Start DataStoreProvider.Ctr, Parameters: handle '1', dataStoreHelper:GXflow.Programs.twfrolhier_bc__default
2022-07-05T08:40:02.301-03:00 [1] DEBUG GeneXus.Metadata.ClassLoader - CreateInstance, Args 'GeneXus.Application.GxContext' 
2022-07-05T08:40:02.303-03:00 [1] DEBUG GeneXus.Data.NTier.DataStoreProvider - Start DataStoreProvider.Ctr, Parameters: handle '1', dataStoreHelper:GXflow.Programs.twfevnlisteners_bc__gam
2022-07-05T08:40:02.304-03:00 [1] DEBUG GeneXus.Data.NTier.DataStoreProvider - Start DataStoreProvider.Ctr, Parameters: handle '1', dataStoreHelper:GXflow.Programs.twfevnlisteners_bc__default
2022-07-05T08:40:02.312-03:00 [1] DEBUG GeneXus.Metadata.ClassLoader - CreateInstance, Args 'GeneXus.Application.GxContext' 
2022-07-05T08:40:02.314-03:00 [1] DEBUG GeneXus.Data.NTier.DataStoreProvider - Start DataStoreProvider.Ctr, Parameters: handle '1', dataStoreHelper:GXflow.Programs.twfcalendars_bc__gam
2022-07-05T08:40:02.314-03:00 [1] DEBUG GeneXus.Data.NTier.DataStoreProvider - Start DataStoreProvider.Ctr, Parameters: handle '1', dataStoreHelper:GXflow.Programs.twfcalendars_bc__default
2022-07-05T08:40:02.323-03:00 [1] DEBUG GeneXus.Metadata.ClassLoader - CreateInstance, Args 'GeneXus.Application.GxContext' 
2022-07-05T08:40:02.324-03:00 [1] DEBUG GeneXus.Data.NTier.DataStoreProvider - Start DataStoreProvider.Ctr, Parameters: handle '1', dataStoreHelper:GXflow.Programs.twfcategories_bc__gam
2022-07-05T08:40:02.324-03:00 [1] DEBUG GeneXus.Data.NTier.DataStoreProvider - Start DataStoreProvider.Ctr, Parameters: handle '1', dataStoreHelper:GXflow.Programs.twfcategories_bc__default
2022-07-05T08:40:02.329-03:00 [1] DEBUG GeneXus.Metadata.ClassLoader - CreateInstance, Args 'GeneXus.Application.GxContext' 
2022-07-05T08:40:02.331-03:00 [1] DEBUG GeneXus.Data.NTier.DataStoreProvider - Start DataStoreProvider.Ctr, Parameters: handle '1', dataStoreHelper:GXflow.Programs.twfpreferences_bc__gam
2022-07-05T08:40:02.331-03:00 [1] DEBUG GeneXus.Data.NTier.DataStoreProvider - Start DataStoreProvider.Ctr, Parameters: handle '1', dataStoreHelper:GXflow.Programs.twfpreferences_bc__default
2022-07-05T08:40:02.339-03:00 [1] DEBUG GeneXus.Metadata.ClassLoader - CreateInstance, Args 'GeneXus.Application.GxContext' 
2022-07-05T08:40:02.340-03:00 [1] DEBUG GeneXus.Data.NTier.DataStoreProvider - Start DataStoreProvider.Ctr, Parameters: handle '1', dataStoreHelper:GXflow.Programs.twfapp_bc__gam
2022-07-05T08:40:02.340-03:00 [1] DEBUG GeneXus.Data.NTier.DataStoreProvider - Start DataStoreProvider.Ctr, Parameters: handle '1', dataStoreHelper:GXflow.Programs.twfapp_bc__default
2022-07-05T08:40:02.346-03:00 [1] DEBUG GeneXus.Metadata.ClassLoader - CreateInstance, Args 'GeneXus.Application.GxContext' 
2022-07-05T08:40:02.348-03:00 [1] DEBUG GeneXus.Data.NTier.DataStoreProvider - Start DataStoreProvider.Ctr, Parameters: handle '1', dataStoreHelper:GXflow.Programs.twfrule_bc__gam
2022-07-05T08:40:02.348-03:00 [1] DEBUG GeneXus.Data.NTier.DataStoreProvider - Start DataStoreProvider.Ctr, Parameters: handle '1', dataStoreHelper:GXflow.Programs.twfrule_bc__default
2022-07-05T08:40:02.351-03:00 [1] DEBUG GeneXus.Metadata.ClassLoader - CreateInstance, Args 'GeneXus.Application.GxContext' 
2022-07-05T08:40:02.352-03:00 [1] DEBUG GeneXus.Data.NTier.DataStoreProvider - Start DataStoreProvider.Ctr, Parameters: handle '1', dataStoreHelper:GXflow.Programs.twfdynapp_bc__gam
2022-07-05T08:40:02.352-03:00 [1] DEBUG GeneXus.Data.NTier.DataStoreProvider - Start DataStoreProvider.Ctr, Parameters: handle '1', dataStoreHelper:GXflow.Programs.twfdynapp_bc__default
2022-07-05T08:40:02.355-03:00 [1] DEBUG GeneXus.Metadata.ClassLoader - CreateInstance, Args 'GeneXus.Application.GxContext' 
2022-07-05T08:40:02.356-03:00 [1] DEBUG GeneXus.Data.NTier.DataStoreProvider - Start DataStoreProvider.Ctr, Parameters: handle '1', dataStoreHelper:GXflow.Programs.twfdynappfields_bc__gam
2022-07-05T08:40:02.356-03:00 [1] DEBUG GeneXus.Data.NTier.DataStoreProvider - Start DataStoreProvider.Ctr, Parameters: handle '1', dataStoreHelper:GXflow.Programs.twfdynappfields_bc__default
2022-07-05T08:40:02.359-03:00 [1] DEBUG GeneXus.Metadata.ClassLoader - CreateInstance, Args 'GeneXus.Application.GxContext' 
2022-07-05T08:40:02.360-03:00 [1] DEBUG GeneXus.Data.NTier.DataStoreProvider - Start DataStoreProvider.Ctr, Parameters: handle '1', dataStoreHelper:GXflow.Programs.twfnotificationtemplates_bc__gam
2022-07-05T08:40:02.361-03:00 [1] DEBUG GeneXus.Data.NTier.DataStoreProvider - Start DataStoreProvider.Ctr, Parameters: handle '1', dataStoreHelper:GXflow.Programs.twfnotificationtemplates_bc__default
2022-07-05T08:40:02.365-03:00 [1] DEBUG GeneXus.Metadata.ClassLoader - CreateInstance, Args 'GeneXus.Application.GxContext' 
2022-07-05T08:40:02.366-03:00 [1] DEBUG GeneXus.Data.NTier.DataStoreProvider - Start DataStoreProvider.Ctr, Parameters: handle '1', dataStoreHelper:GXflow.Programs.twfnotifications_bc__gam
2022-07-05T08:40:02.366-03:00 [1] DEBUG GeneXus.Data.NTier.DataStoreProvider - Start DataStoreProvider.Ctr, Parameters: handle '1', dataStoreHelper:GXflow.Programs.twfnotifications_bc__default
2022-07-05T08:40:02.369-03:00 [1] DEBUG GeneXus.Metadata.ClassLoader - CreateInstance, Args 'GeneXus.Application.GxContext' 
2022-07-05T08:40:02.369-03:00 [1] DEBUG GeneXus.Data.NTier.DataStoreProvider - Start DataStoreProvider.Ctr, Parameters: handle '1', dataStoreHelper:GXflow.Programs.twftaskapp_bc__gam
2022-07-05T08:40:02.369-03:00 [1] DEBUG GeneXus.Data.NTier.DataStoreProvider - Start DataStoreProvider.Ctr, Parameters: handle '1', dataStoreHelper:GXflow.Programs.twftaskapp_bc__default
2022-07-05T08:40:02.370-03:00 [1] DEBUG GeneXus.Metadata.ClassLoader - CreateInstance, Args 'GeneXus.Application.GxContext' 
2022-07-05T08:40:02.370-03:00 [1] DEBUG GeneXus.Data.NTier.DataStoreProvider - Start DataStoreProvider.Ctr, Parameters: handle '1', dataStoreHelper:GXflow.Programs.twftaskappmap_bc__gam
2022-07-05T08:40:02.370-03:00 [1] DEBUG GeneXus.Data.NTier.DataStoreProvider - Start DataStoreProvider.Ctr, Parameters: handle '1', dataStoreHelper:GXflow.Programs.twftaskappmap_bc__default
2022-07-05T08:40:02.370-03:00 [1] DEBUG GeneXus.Metadata.ClassLoader - CreateInstance, Args 'GeneXus.Application.GxContext' 
2022-07-05T08:40:02.372-03:00 [1] DEBUG GeneXus.Data.NTier.DataStoreProvider - Start DataStoreProvider.Ctr, Parameters: handle '1', dataStoreHelper:GXflow.Programs.twfnumerator_bc__gam
2022-07-05T08:40:02.372-03:00 [1] DEBUG GeneXus.Data.NTier.DataStoreProvider - Start DataStoreProvider.Ctr, Parameters: handle '1', dataStoreHelper:GXflow.Programs.twfnumerator_bc__default
2022-07-05T08:40:02.374-03:00 [1] DEBUG GeneXus.Metadata.ClassLoader - CreateInstance, Args 'GeneXus.Application.GxContext' 
2022-07-05T08:40:02.374-03:00 [1] DEBUG GeneXus.Data.NTier.DataStoreProvider - Start DataStoreProvider.Ctr, Parameters: handle '1', dataStoreHelper:GXflow.Programs.twfnumerator_bc__gam
2022-07-05T08:40:02.374-03:00 [1] DEBUG GeneXus.Data.NTier.DataStoreProvider - Start DataStoreProvider.Ctr, Parameters: handle '1', dataStoreHelper:GXflow.Programs.twfnumerator_bc__default
2022-07-05T08:40:02.375-03:00 [1] DEBUG GeneXus.Metadata.ClassLoader - CreateInstance, Args 'GeneXus.Application.GxContext' 
2022-07-05T08:40:02.375-03:00 [1] DEBUG GeneXus.Data.NTier.DataStoreProvider - Start DataStoreProvider.Ctr, Parameters: handle '1', dataStoreHelper:GXflow.Programs.twfdocactions_bc__gam
2022-07-05T08:40:02.375-03:00 [1] DEBUG GeneXus.Data.NTier.DataStoreProvider - Start DataStoreProvider.Ctr, Parameters: handle '1', dataStoreHelper:GXflow.Programs.twfdocactions_bc__default
2022-07-05T08:40:02.378-03:00 [1] DEBUG GeneXus.Metadata.ClassLoader - CreateInstance, Args 'GeneXus.Application.GxContext' 
2022-07-05T08:40:02.379-03:00 [1] DEBUG GeneXus.Data.NTier.DataStoreProvider - Start DataStoreProvider.Ctr, Parameters: handle '1', dataStoreHelper:GXflow.Programs.twfevntypes_bc__gam
2022-07-05T08:40:02.379-03:00 [1] DEBUG GeneXus.Data.NTier.DataStoreProvider - Start DataStoreProvider.Ctr, Parameters: handle '1', dataStoreHelper:GXflow.Programs.twfevntypes_bc__default
2022-07-05T08:40:02.381-03:00 [1] DEBUG GeneXus.Metadata.ClassLoader - CreateInstance, Args 'GeneXus.Application.GxContext' 
2022-07-05T08:40:02.383-03:00 [1] DEBUG GeneXus.Data.NTier.DataStoreProvider - Start DataStoreProvider.Ctr, Parameters: handle '1', dataStoreHelper:GXflow.Programs.tcaapp_bc__gam
2022-07-05T08:40:02.383-03:00 [1] DEBUG GeneXus.Data.NTier.DataStoreProvider - Start DataStoreProvider.Ctr, Parameters: handle '1', dataStoreHelper:GXflow.Programs.tcaapp_bc__default
2022-07-05T08:40:02.387-03:00 [1] DEBUG GeneXus.Metadata.ClassLoader - CreateInstance, Args 'GeneXus.Application.GxContext' 
2022-07-05T08:40:02.388-03:00 [1] DEBUG GeneXus.Data.NTier.DataStoreProvider - Start DataStoreProvider.Ctr, Parameters: handle '1', dataStoreHelper:GXflow.Programs.tcatypes_bc__gam
2022-07-05T08:40:02.388-03:00 [1] DEBUG GeneXus.Data.NTier.DataStoreProvider - Start DataStoreProvider.Ctr, Parameters: handle '1', dataStoreHelper:GXflow.Programs.tcatypes_bc__default
2022-07-05T08:40:02.391-03:00 [1] DEBUG GeneXus.Data.NTier.DataStoreProvider - Start DataStoreProvider.Ctr, Parameters: handle '1', dataStoreHelper:GXflow.Programs.apwfimpact__gam
2022-07-05T08:40:02.392-03:00 [1] DEBUG GeneXus.Data.NTier.DataStoreProvider - Start DataStoreProvider.Ctr, Parameters: handle '1', dataStoreHelper:GXflow.Programs.apwfimpact__default
2022-07-05T08:40:02.418-03:00 [1] DEBUG GeneXus.Resources.GXResourceManager - FindResources C:/GeneXus/GeneXus17/Packages/Gxpm/Platforms/netoracle\messages.eng.dll
2022-07-05T08:40:02.425-03:00 [1] INFO  GXflow.Programs.apwfimpact - Connecting to Database...
2022-07-05T08:40:02.430-03:00 [1] DEBUG GeneXus.Data.ADO.GxCommand - GxCommand.FetchSize: 100, handle '1'
2022-07-05T08:40:02.431-03:00 [1] DEBUG GeneXus.Data.GxODPOracle - Loading Oracle.DataAccess from GAC
2022-07-05T08:40:02.434-03:00 [1] DEBUG GeneXus.Data.GxODPOracle - Oracle.DataAccess Loaded from GAC
2022-07-05T08:40:02.499-03:00 [1] DEBUG GeneXus.Data.NTier.DataStoreProvider - gxObject:GXflow.Programs.twfcalendars_bc__default, handle '1' cursorName:BC001V18
2022-07-05T08:40:02.501-03:00 [1] DEBUG GeneXus.Data.ADO.GxCommand - ExecuteReader: Parameters WFCalId='0' 
2022-07-05T08:40:02.503-03:00 [1] DEBUG GeneXus.Data.ADO.GxConnection - Start GxConnection.Open, autoCommit=False handle:1 datastore:GXFLOW
2022-07-05T08:40:02.505-03:00 [1] DEBUG GeneXus.Metadata.ClassLoader - GetInstance 'ConnectionBuilder.ConnectionDialogFactory', assembly 'GxClasses.Win'
2022-07-05T08:40:02.596-03:00 [1] ERROR GeneXus.Data.ADO.GxConnection - GxConnection.Open Error 
System.Resources.MissingManifestResourceException: Could not find any resources appropriate for the specified culture or the neutral culture.  Make sure "ConnectionBuilder.OracleConnectionDialog.resources" was correctly embedded or linked into assembly "GxClasses.Win" at compile time, or that all the satellite assemblies required are loadable and fully signed.
   at System.Resources.ManifestBasedResourceGroveler.HandleResourceStreamMissing(String fileName)
   at System.Resources.ManifestBasedResourceGroveler.GrovelForResourceSet(CultureInfo culture, Dictionary`2 localResourceSets, Boolean tryParents, Boolean createIfNotExists, StackCrawlMark& stackMark)
   at System.Resources.ResourceManager.InternalGetResourceSet(CultureInfo requestedCulture, Boolean createIfNotExists, Boolean tryParents, StackCrawlMark& stackMark)
   at System.Resources.ResourceManager.InternalGetResourceSet(CultureInfo culture, Boolean createIfNotExists, Boolean tryParents)
   at System.Resources.ResourceManager.GetObject(String name, CultureInfo culture, Boolean wrapUnmanagedMemStream)
   at System.Resources.ResourceManager.GetObject(String name)
   at ConnectionBuilder.OracleConnectionDialog.InitializeComponent()
   at ConnectionBuilder.OracleConnectionDialog..ctor()
   at ConnectionBuilder.ConnectionDialogFactory.GetConnectionDialog(Int32 iType)
   at GeneXus.Data.GxDataRecord.GetConnectionDialogString(Int32 dbmsType)
   at GeneXus.Data.GxODPOracle.GetConnection(Boolean showPrompt, String datasourceName, String userId, String userPassword, String databaseName, String port, String schema, String extra, GxConnectionCache connectionCache)
   at GeneXus.Data.ADO.GxConnection.Open()
2022-07-05T08:40:02.599-03:00 [1] ERROR GeneXus.Data.ADO.GxCommand - Return GxCommand.ExecuteReader Error 
System.Resources.MissingManifestResourceException: Could not find any resources appropriate for the specified culture or the neutral culture.  Make sure "ConnectionBuilder.OracleConnectionDialog.resources" was correctly embedded or linked into assembly "GxClasses.Win" at compile time, or that all the satellite assemblies required are loadable and fully signed.
   at GeneXus.Data.ADO.GxConnection.Open()
   at GeneXus.Data.ADO.GxConnectionManagerWin.IncOpenHandlesImpl(GxConnection con)
   at GeneXus.Data.ADO.GxConnectionManager.IncOpenHandles(Int32 handle, String dataSource)
   at GeneXus.Data.GxDataReader..ctor(IGxConnectionManager connManager, GxDataRecord dr, IGxConnection connection, GxParameterCollection parameters, String stmt, Int32 fetchSize, Boolean forFirst, Int32 handle, Boolean cached, SlidingTime expiration, Boolean dynStmt)
   at GeneXus.Data.GxODPOracleDataReader..ctor(IGxConnectionManager connManager, GxDataRecord dr, IGxConnection connection, GxParameterCollection parameters, String stmt, Int32 fetchSize, Boolean forFirst, Int32 handle, Boolean cached, SlidingTime expiration, Boolean dynStmt)
   at GeneXus.Data.GxODPOracle.GetDataReader(IGxConnectionManager connManager, IGxConnection con, GxParameterCollection parameters, String stmt, UInt16 fetchSize, Boolean forFirst, Int32 handle, Boolean cached, SlidingTime expiration, Boolean hasNested, Boolean dynStmt)
   at GeneXus.Data.ADO.GxCommand.ExecuteReader()
2022-07-05T08:40:02.604-03:00 [1] DEBUG GeneXus.Data.GxODPOracle - ProcessError: dbmsErrorCode=0, emsg 'Could not find any resources appropriate for the specified culture or the neutral culture.  Make sure "ConnectionBuilder.OracleConnectionDialog.resources" was correctly embedded or linked into assembly "GxClasses.Win" at compile time, or that all the satellite assemblies required are loadable and fully signed.'
2022-07-05T08:40:02.605-03:00 [1] ERROR GeneXus.Data.ADO.GxCommand - GxCommand.FetchData Error 
2022-07-05T08:40:02.607-03:00 [1] DEBUG GeneXus.Utils.GXUtil - Start SaveToEventLog, Parameters: appName 'GeneXus 17 - Trunk',_message 'Type:System.Resources.MissingManifestResourceException.Could not find any resources appropriate for the specified culture or the neutral culture.  Make sure "ConnectionBuilder.OracleConnectionDialog.resources" was correctly embedded or linked into assembly "GxClasses.Win" at compile time, or that all the satellite assemblies required are loadable and fully signed.
in: apwfimpact.exe
Stack Trace:
   at GeneXus.Data.ADO.GxCommand.FetchData(IDataReader& dr)
   at GeneXus.Data.NTier.ADO.ForEachCursor.execute()
   at GeneXus.Data.NTier.DataStoreProvider.execute(Int32 cursor, Object[] parms, Boolean batch)
   at GeneXus.Data.NTier.DataStoreProvider.execute(Int32 cursor, Object[] parms)
   at GXflow.Programs.twfcalendars_bc.ScanKeyStart1V69()
   at GXflow.Programs.twfcalendars_bc.LoadKey(Object[] obj)
   at GXflow.Programs.SdtTWFCalendars.Load(Int16 AV432WFCalId)
   at GXflow.Programs.apwfimpact.S821()
   at GXflow.Programs.apwfimpact.executePrivate()
   at GXflow.Programs.apwfimpact.execute(String aP0_fileAbsName, Int16 aP1_newVersion, Int16 aP2_setActive, Int16 aP3_debug, Int16 aP4_verbose, Int16 aP5_convert)
   at GXflow.Programs.apwfimpact.executeCmdLine(String[] args)
   at GXflow.Programs.apwfimpact.Main(String[] args)'
2022-07-05T08:40:02.607-03:00 [1] DEBUG GeneXus.Utils.GXUtil - EventLog SourceExists: true
2022-07-05T08:40:02.608-03:00 [1] DEBUG GeneXus.Utils.GXUtil - MachineName '.',log 'Application', logName 'Application
2022-07-05T11:51:04.131-03:00 [1] DEBUG GeneXus.Configuration.Config - DOMConfigurator log4net configured with log.console.config
2022-07-05T11:51:04.137-03:00 [1] DEBUG GeneXus.Configuration.Config - GxClasses version:20201014141201.2e5915b4b7939e69c812cee9e75ca95fbdd9db08
2022-07-05T11:51:04.138-03:00 [1] DEBUG GeneXus.Configuration.Config - Start loadConfig, filename 'client.exe.config'
2022-07-05T11:51:04.139-03:00 [1] DEBUG GeneXus.Configuration.Config - Return loadConfig
2022-07-05T11:51:04.142-03:00 [1] DEBUG GeneXus.Application.GxContext - GxContext.Ctr Default handle:1
2022-07-05T11:51:04.150-03:00 [1] DEBUG GeneXus.Data.ADO.GxConnectionManager - Setting CONN_TIMEOUT to: 30 seconds
2022-07-05T11:51:04.150-03:00 [1] DEBUG GeneXus.Data.ADO.GxConnectionManager - GxConnectionManager.NewConnection   handle: 1, datasource:GXFLOW
2022-07-05T11:51:04.191-03:00 [1] DEBUG GeneXus.Application.GXFileWatcher - DeleteFiles BlobsTemp
2022-07-05T11:51:04.192-03:00 [1] DEBUG GeneXus.Configuration.Preferences - BLOB_PATH:d:\KBs\GIA\GIA_RMS\CSharpModel\web\Workflow\BlobsTemp\
2022-07-05T11:51:04.193-03:00 [1] DEBUG GeneXus.Cache.CacheFactory - Loading Default CACHE_PROVIDER InMemoryCache
2022-07-05T11:51:04.193-03:00 [1] DEBUG GeneXus.Cache.InProcessCache - Start InProcessCache.Ctr, initialize default scavenging process with 'GeneXus.Cache.SingletonCacheStorage'
2022-07-05T11:51:04.194-03:00 [1] DEBUG GeneXus.Cache.LruScavenging - Start LruScavenging.Init, initialize cacheStorage to 'GeneXus.Cache.SingletonCacheStorage'
2022-07-05T11:51:04.194-03:00 [1] DEBUG GeneXus.Data.ADO.GxConnection - Setting IsolationLevel : Read Commited
2022-07-05T11:51:04.194-03:00 [6] DEBUG GeneXus.Cache.InProcessCache - Start MonitorForExpirations loop 
2022-07-05T11:51:04.218-03:00 [1] DEBUG GeneXus.Metadata.ClassLoader - CreateInstance, Args 'GeneXus.Application.GxContext' 
2022-07-05T11:51:04.222-03:00 [1] DEBUG GeneXus.Data.NTier.DataStoreProvider - Start DataStoreProvider.Ctr, Parameters: handle '1', dataStoreHelper:GXflow.Programs.twfproject_bc__gam
2022-07-05T11:51:04.222-03:00 [1] DEBUG GeneXus.Data.ADO.GxConnectionManager - GxConnectionManager.NewConnection   handle: 1, datasource:GAM
2022-07-05T11:51:04.222-03:00 [1] DEBUG GeneXus.Data.ADO.GxConnection - Setting IsolationLevel : Read Commited
2022-07-05T11:51:04.223-03:00 [1] ERROR GeneXus.Data.NTier.DataStoreProvider - GXflow.Programs.twfproject_bc__gam Datastore GAM not found in app config
2022-07-05T11:51:04.223-03:00 [1] DEBUG GeneXus.Data.NTier.DataStoreProvider - Start DataStoreProvider.Ctr, Parameters: handle '1', dataStoreHelper:GXflow.Programs.twfproject_bc__default
2022-07-05T11:51:04.228-03:00 [1] DEBUG GeneXus.Metadata.ClassLoader - CreateInstance, Args 'GeneXus.Application.GxContext' 
2022-07-05T11:51:04.231-03:00 [1] DEBUG GeneXus.Data.NTier.DataStoreProvider - Start DataStoreProvider.Ctr, Parameters: handle '1', dataStoreHelper:GXflow.Programs.twfprocess_bc__gam
2022-07-05T11:51:04.231-03:00 [1] DEBUG GeneXus.Data.NTier.DataStoreProvider - Start DataStoreProvider.Ctr, Parameters: handle '1', dataStoreHelper:GXflow.Programs.twfprocess_bc__default
2022-07-05T11:51:04.241-03:00 [1] DEBUG GeneXus.Metadata.ClassLoader - CreateInstance, Args 'GeneXus.Application.GxContext' 
2022-07-05T11:51:04.242-03:00 [1] DEBUG GeneXus.Data.NTier.DataStoreProvider - Start DataStoreProvider.Ctr, Parameters: handle '1', dataStoreHelper:GXflow.Programs.twfattributes_bc__gam
2022-07-05T11:51:04.242-03:00 [1] DEBUG GeneXus.Data.NTier.DataStoreProvider - Start DataStoreProvider.Ctr, Parameters: handle '1', dataStoreHelper:GXflow.Programs.twfattributes_bc__default
2022-07-05T11:51:04.247-03:00 [1] DEBUG GeneXus.Metadata.ClassLoader - CreateInstance, Args 'GeneXus.Application.GxContext' 
2022-07-05T11:51:04.258-03:00 [1] DEBUG GeneXus.Data.NTier.DataStoreProvider - Start DataStoreProvider.Ctr, Parameters: handle '1', dataStoreHelper:GXflow.Programs.twftask_bc__gam
2022-07-05T11:51:04.258-03:00 [1] DEBUG GeneXus.Data.NTier.DataStoreProvider - Start DataStoreProvider.Ctr, Parameters: handle '1', dataStoreHelper:GXflow.Programs.twftask_bc__default
2022-07-05T11:51:04.292-03:00 [1] DEBUG GeneXus.Metadata.ClassLoader - CreateInstance, Args 'GeneXus.Application.GxContext' 
2022-07-05T11:51:04.293-03:00 [1] DEBUG GeneXus.Data.NTier.DataStoreProvider - Start DataStoreProvider.Ctr, Parameters: handle '1', dataStoreHelper:GXflow.Programs.twfstarttimer_bc__gam
2022-07-05T11:51:04.293-03:00 [1] DEBUG GeneXus.Data.NTier.DataStoreProvider - Start DataStoreProvider.Ctr, Parameters: handle '1', dataStoreHelper:GXflow.Programs.twfstarttimer_bc__default
2022-07-05T11:51:04.298-03:00 [1] DEBUG GeneXus.Metadata.ClassLoader - CreateInstance, Args 'GeneXus.Application.GxContext' 
2022-07-05T11:51:04.302-03:00 [1] DEBUG GeneXus.Data.NTier.DataStoreProvider - Start DataStoreProvider.Ctr, Parameters: handle '1', dataStoreHelper:GXflow.Programs.twfnetwork_bc__gam
2022-07-05T11:51:04.302-03:00 [1] DEBUG GeneXus.Data.NTier.DataStoreProvider - Start DataStoreProvider.Ctr, Parameters: handle '1', dataStoreHelper:GXflow.Programs.twfnetwork_bc__default
2022-07-05T11:51:04.311-03:00 [1] DEBUG GeneXus.Metadata.ClassLoader - CreateInstance, Args 'GeneXus.Application.GxContext' 
2022-07-05T11:51:04.313-03:00 [1] DEBUG GeneXus.Data.NTier.DataStoreProvider - Start DataStoreProvider.Ctr, Parameters: handle '1', dataStoreHelper:GXflow.Programs.twfnetwork1_bc__gam
2022-07-05T11:51:04.313-03:00 [1] DEBUG GeneXus.Data.NTier.DataStoreProvider - Start DataStoreProvider.Ctr, Parameters: handle '1', dataStoreHelper:GXflow.Programs.twfnetwork1_bc__default
2022-07-05T11:51:04.319-03:00 [1] DEBUG GeneXus.Metadata.ClassLoader - CreateInstance, Args 'GeneXus.Application.GxContext' 
2022-07-05T11:51:04.320-03:00 [1] DEBUG GeneXus.Data.NTier.DataStoreProvider - Start DataStoreProvider.Ctr, Parameters: handle '1', dataStoreHelper:GXflow.Programs.twfnetwork2_bc__gam
2022-07-05T11:51:04.320-03:00 [1] DEBUG GeneXus.Data.NTier.DataStoreProvider - Start DataStoreProvider.Ctr, Parameters: handle '1', dataStoreHelper:GXflow.Programs.twfnetwork2_bc__default
2022-07-05T11:51:04.325-03:00 [1] DEBUG GeneXus.Metadata.ClassLoader - CreateInstance, Args 'GeneXus.Application.GxContext' 
2022-07-05T11:51:04.327-03:00 [1] DEBUG GeneXus.Data.NTier.DataStoreProvider - Start DataStoreProvider.Ctr, Parameters: handle '1', dataStoreHelper:GXflow.Programs.twfattmap_bc__gam
2022-07-05T11:51:04.327-03:00 [1] DEBUG GeneXus.Data.NTier.DataStoreProvider - Start DataStoreProvider.Ctr, Parameters: handle '1', dataStoreHelper:GXflow.Programs.twfattmap_bc__default
2022-07-05T11:51:04.332-03:00 [1] DEBUG GeneXus.Metadata.ClassLoader - CreateInstance, Args 'GeneXus.Application.GxContext' 
2022-07-05T11:51:04.332-03:00 [1] DEBUG GeneXus.Data.NTier.DataStoreProvider - Start DataStoreProvider.Ctr, Parameters: handle '1', dataStoreHelper:GXflow.Programs.twftaskattributes_bc__gam
2022-07-05T11:51:04.332-03:00 [1] DEBUG GeneXus.Data.NTier.DataStoreProvider - Start DataStoreProvider.Ctr, Parameters: handle '1', dataStoreHelper:GXflow.Programs.twftaskattributes_bc__default
2022-07-05T11:51:04.336-03:00 [1] DEBUG GeneXus.Metadata.ClassLoader - CreateInstance, Args 'GeneXus.Application.GxContext' 
2022-07-05T11:51:04.336-03:00 [1] DEBUG GeneXus.Data.NTier.DataStoreProvider - Start DataStoreProvider.Ctr, Parameters: handle '1', dataStoreHelper:GXflow.Programs.twfdocuments_bc__gam
2022-07-05T11:51:04.337-03:00 [1] DEBUG GeneXus.Data.NTier.DataStoreProvider - Start DataStoreProvider.Ctr, Parameters: handle '1', dataStoreHelper:GXflow.Programs.twfdocuments_bc__default
2022-07-05T11:51:04.341-03:00 [1] DEBUG GeneXus.Metadata.ClassLoader - CreateInstance, Args 'GeneXus.Application.GxContext' 
2022-07-05T11:51:04.342-03:00 [1] DEBUG GeneXus.Data.NTier.DataStoreProvider - Start DataStoreProvider.Ctr, Parameters: handle '1', dataStoreHelper:GXflow.Programs.twfdoctskrol_bc__gam
2022-07-05T11:51:04.342-03:00 [1] DEBUG GeneXus.Data.NTier.DataStoreProvider - Start DataStoreProvider.Ctr, Parameters: handle '1', dataStoreHelper:GXflow.Programs.twfdoctskrol_bc__default
2022-07-05T11:51:04.352-03:00 [1] DEBUG GeneXus.Metadata.ClassLoader - CreateInstance, Args 'GeneXus.Application.GxContext' 
2022-07-05T11:51:04.352-03:00 [1] DEBUG GeneXus.Data.NTier.DataStoreProvider - Start DataStoreProvider.Ctr, Parameters: handle '1', dataStoreHelper:GXflow.Programs.twftaskapp_bc__gam
2022-07-05T11:51:04.352-03:00 [1] DEBUG GeneXus.Data.NTier.DataStoreProvider - Start DataStoreProvider.Ctr, Parameters: handle '1', dataStoreHelper:GXflow.Programs.twftaskapp_bc__default
2022-07-05T11:51:04.356-03:00 [1] DEBUG GeneXus.Metadata.ClassLoader - CreateInstance, Args 'GeneXus.Application.GxContext' 
2022-07-05T11:51:04.357-03:00 [1] DEBUG GeneXus.Data.NTier.DataStoreProvider - Start DataStoreProvider.Ctr, Parameters: handle '1', dataStoreHelper:GXflow.Programs.twftaskappmap_bc__gam
2022-07-05T11:51:04.357-03:00 [1] DEBUG GeneXus.Data.NTier.DataStoreProvider - Start DataStoreProvider.Ctr, Parameters: handle '1', dataStoreHelper:GXflow.Programs.twftaskappmap_bc__default
2022-07-05T11:51:04.362-03:00 [1] DEBUG GeneXus.Metadata.ClassLoader - CreateInstance, Args 'GeneXus.Application.GxContext' 
2022-07-05T11:51:04.363-03:00 [1] DEBUG GeneXus.Data.NTier.DataStoreProvider - Start DataStoreProvider.Ctr, Parameters: handle '1', dataStoreHelper:GXflow.Programs.twftaskdynappmap_bc__gam
2022-07-05T11:51:04.364-03:00 [1] DEBUG GeneXus.Data.NTier.DataStoreProvider - Start DataStoreProvider.Ctr, Parameters: handle '1', dataStoreHelper:GXflow.Programs.twftaskdynappmap_bc__default
2022-07-05T11:51:04.368-03:00 [1] DEBUG GeneXus.Metadata.ClassLoader - CreateInstance, Args 'GeneXus.Application.GxContext' 
2022-07-05T11:51:04.369-03:00 [1] DEBUG GeneXus.Data.NTier.DataStoreProvider - Start DataStoreProvider.Ctr, Parameters: handle '1', dataStoreHelper:GXflow.Programs.tcatpl_bc__gam
2022-07-05T11:51:04.370-03:00 [1] DEBUG GeneXus.Data.NTier.DataStoreProvider - Start DataStoreProvider.Ctr, Parameters: handle '1', dataStoreHelper:GXflow.Programs.tcatpl_bc__default
2022-07-05T11:51:04.372-03:00 [1] DEBUG GeneXus.Metadata.ClassLoader - CreateInstance, Args 'GeneXus.Application.GxContext' 
2022-07-05T11:51:04.374-03:00 [1] DEBUG GeneXus.Data.NTier.DataStoreProvider - Start DataStoreProvider.Ctr, Parameters: handle '1', dataStoreHelper:GXflow.Programs.tcactyp_bc__gam
2022-07-05T11:51:04.374-03:00 [1] DEBUG GeneXus.Data.NTier.DataStoreProvider - Start DataStoreProvider.Ctr, Parameters: handle '1', dataStoreHelper:GXflow.Programs.tcactyp_bc__default
2022-07-05T11:51:04.379-03:00 [1] DEBUG GeneXus.Metadata.ClassLoader - CreateInstance, Args 'GeneXus.Application.GxContext' 
2022-07-05T11:51:04.380-03:00 [1] DEBUG GeneXus.Data.NTier.DataStoreProvider - Start DataStoreProvider.Ctr, Parameters: handle '1', dataStoreHelper:GXflow.Programs.twfroles_bc__gam
2022-07-05T11:51:04.380-03:00 [1] DEBUG GeneXus.Data.NTier.DataStoreProvider - Start DataStoreProvider.Ctr, Parameters: handle '1', dataStoreHelper:GXflow.Programs.twfroles_bc__default
2022-07-05T11:51:04.384-03:00 [1] DEBUG GeneXus.Metadata.ClassLoader - CreateInstance, Args 'GeneXus.Application.GxContext' 
2022-07-05T11:51:04.385-03:00 [1] DEBUG GeneXus.Data.NTier.DataStoreProvider - Start DataStoreProvider.Ctr, Parameters: handle '1', dataStoreHelper:GXflow.Programs.twfrolhier_bc__gam
2022-07-05T11:51:04.385-03:00 [1] DEBUG GeneXus.Data.NTier.DataStoreProvider - Start DataStoreProvider.Ctr, Parameters: handle '1', dataStoreHelper:GXflow.Programs.twfrolhier_bc__default
2022-07-05T11:51:04.389-03:00 [1] DEBUG GeneXus.Metadata.ClassLoader - CreateInstance, Args 'GeneXus.Application.GxContext' 
2022-07-05T11:51:04.390-03:00 [1] DEBUG GeneXus.Data.NTier.DataStoreProvider - Start DataStoreProvider.Ctr, Parameters: handle '1', dataStoreHelper:GXflow.Programs.twfevnlisteners_bc__gam
2022-07-05T11:51:04.390-03:00 [1] DEBUG GeneXus.Data.NTier.DataStoreProvider - Start DataStoreProvider.Ctr, Parameters: handle '1', dataStoreHelper:GXflow.Programs.twfevnlisteners_bc__default
2022-07-05T11:51:04.396-03:00 [1] DEBUG GeneXus.Metadata.ClassLoader - CreateInstance, Args 'GeneXus.Application.GxContext' 
2022-07-05T11:51:04.398-03:00 [1] DEBUG GeneXus.Data.NTier.DataStoreProvider - Start DataStoreProvider.Ctr, Parameters: handle '1', dataStoreHelper:GXflow.Programs.twfcalendars_bc__gam
2022-07-05T11:51:04.398-03:00 [1] DEBUG GeneXus.Data.NTier.DataStoreProvider - Start DataStoreProvider.Ctr, Parameters: handle '1', dataStoreHelper:GXflow.Programs.twfcalendars_bc__default
2022-07-05T11:51:04.405-03:00 [1] DEBUG GeneXus.Metadata.ClassLoader - CreateInstance, Args 'GeneXus.Application.GxContext' 
2022-07-05T11:51:04.406-03:00 [1] DEBUG GeneXus.Data.NTier.DataStoreProvider - Start DataStoreProvider.Ctr, Parameters: handle '1', dataStoreHelper:GXflow.Programs.twfcategories_bc__gam
2022-07-05T11:51:04.406-03:00 [1] DEBUG GeneXus.Data.NTier.DataStoreProvider - Start DataStoreProvider.Ctr, Parameters: handle '1', dataStoreHelper:GXflow.Programs.twfcategories_bc__default
2022-07-05T11:51:04.410-03:00 [1] DEBUG GeneXus.Metadata.ClassLoader - CreateInstance, Args 'GeneXus.Application.GxContext' 
2022-07-05T11:51:04.411-03:00 [1] DEBUG GeneXus.Data.NTier.DataStoreProvider - Start DataStoreProvider.Ctr, Parameters: handle '1', dataStoreHelper:GXflow.Programs.twfpreferences_bc__gam
2022-07-05T11:51:04.411-03:00 [1] DEBUG GeneXus.Data.NTier.DataStoreProvider - Start DataStoreProvider.Ctr, Parameters: handle '1', dataStoreHelper:GXflow.Programs.twfpreferences_bc__default
2022-07-05T11:51:04.417-03:00 [1] DEBUG GeneXus.Metadata.ClassLoader - CreateInstance, Args 'GeneXus.Application.GxContext' 
2022-07-05T11:51:04.418-03:00 [1] DEBUG GeneXus.Data.NTier.DataStoreProvider - Start DataStoreProvider.Ctr, Parameters: handle '1', dataStoreHelper:GXflow.Programs.twfapp_bc__gam
2022-07-05T11:51:04.419-03:00 [1] DEBUG GeneXus.Data.NTier.DataStoreProvider - Start DataStoreProvider.Ctr, Parameters: handle '1', dataStoreHelper:GXflow.Programs.twfapp_bc__default
2022-07-05T11:51:04.424-03:00 [1] DEBUG GeneXus.Metadata.ClassLoader - CreateInstance, Args 'GeneXus.Application.GxContext' 
2022-07-05T11:51:04.425-03:00 [1] DEBUG GeneXus.Data.NTier.DataStoreProvider - Start DataStoreProvider.Ctr, Parameters: handle '1', dataStoreHelper:GXflow.Programs.twfrule_bc__gam
2022-07-05T11:51:04.425-03:00 [1] DEBUG GeneXus.Data.NTier.DataStoreProvider - Start DataStoreProvider.Ctr, Parameters: handle '1', dataStoreHelper:GXflow.Programs.twfrule_bc__default
2022-07-05T11:51:04.428-03:00 [1] DEBUG GeneXus.Metadata.ClassLoader - CreateInstance, Args 'GeneXus.Application.GxContext' 
2022-07-05T11:51:04.429-03:00 [1] DEBUG GeneXus.Data.NTier.DataStoreProvider - Start DataStoreProvider.Ctr, Parameters: handle '1', dataStoreHelper:GXflow.Programs.twfdynapp_bc__gam
2022-07-05T11:51:04.429-03:00 [1] DEBUG GeneXus.Data.NTier.DataStoreProvider - Start DataStoreProvider.Ctr, Parameters: handle '1', dataStoreHelper:GXflow.Programs.twfdynapp_bc__default
2022-07-05T11:51:04.432-03:00 [1] DEBUG GeneXus.Metadata.ClassLoader - CreateInstance, Args 'GeneXus.Application.GxContext' 
2022-07-05T11:51:04.432-03:00 [1] DEBUG GeneXus.Data.NTier.DataStoreProvider - Start DataStoreProvider.Ctr, Parameters: handle '1', dataStoreHelper:GXflow.Programs.twfdynappfields_bc__gam
2022-07-05T11:51:04.432-03:00 [1] DEBUG GeneXus.Data.NTier.DataStoreProvider - Start DataStoreProvider.Ctr, Parameters: handle '1', dataStoreHelper:GXflow.Programs.twfdynappfields_bc__default
2022-07-05T11:51:04.435-03:00 [1] DEBUG GeneXus.Metadata.ClassLoader - CreateInstance, Args 'GeneXus.Application.GxContext' 
2022-07-05T11:51:04.436-03:00 [1] DEBUG GeneXus.Data.NTier.DataStoreProvider - Start DataStoreProvider.Ctr, Parameters: handle '1', dataStoreHelper:GXflow.Programs.twfnotificationtemplates_bc__gam
2022-07-05T11:51:04.437-03:00 [1] DEBUG GeneXus.Data.NTier.DataStoreProvider - Start DataStoreProvider.Ctr, Parameters: handle '1', dataStoreHelper:GXflow.Programs.twfnotificationtemplates_bc__default
2022-07-05T11:51:04.441-03:00 [1] DEBUG GeneXus.Metadata.ClassLoader - CreateInstance, Args 'GeneXus.Application.GxContext' 
2022-07-05T11:51:04.442-03:00 [1] DEBUG GeneXus.Data.NTier.DataStoreProvider - Start DataStoreProvider.Ctr, Parameters: handle '1', dataStoreHelper:GXflow.Programs.twfnotifications_bc__gam
2022-07-05T11:51:04.442-03:00 [1] DEBUG GeneXus.Data.NTier.DataStoreProvider - Start DataStoreProvider.Ctr, Parameters: handle '1', dataStoreHelper:GXflow.Programs.twfnotifications_bc__default
2022-07-05T11:51:04.445-03:00 [1] DEBUG GeneXus.Metadata.ClassLoader - CreateInstance, Args 'GeneXus.Application.GxContext' 
2022-07-05T11:51:04.445-03:00 [1] DEBUG GeneXus.Data.NTier.DataStoreProvider - Start DataStoreProvider.Ctr, Parameters: handle '1', dataStoreHelper:GXflow.Programs.twftaskapp_bc__gam
2022-07-05T11:51:04.445-03:00 [1] DEBUG GeneXus.Data.NTier.DataStoreProvider - Start DataStoreProvider.Ctr, Parameters: handle '1', dataStoreHelper:GXflow.Programs.twftaskapp_bc__default
2022-07-05T11:51:04.445-03:00 [1] DEBUG GeneXus.Metadata.ClassLoader - CreateInstance, Args 'GeneXus.Application.GxContext' 
2022-07-05T11:51:04.445-03:00 [1] DEBUG GeneXus.Data.NTier.DataStoreProvider - Start DataStoreProvider.Ctr, Parameters: handle '1', dataStoreHelper:GXflow.Programs.twftaskappmap_bc__gam
2022-07-05T11:51:04.445-03:00 [1] DEBUG GeneXus.Data.NTier.DataStoreProvider - Start DataStoreProvider.Ctr, Parameters: handle '1', dataStoreHelper:GXflow.Programs.twftaskappmap_bc__default
2022-07-05T11:51:04.446-03:00 [1] DEBUG GeneXus.Metadata.ClassLoader - CreateInstance, Args 'GeneXus.Application.GxContext' 
2022-07-05T11:51:04.446-03:00 [1] DEBUG GeneXus.Data.NTier.DataStoreProvider - Start DataStoreProvider.Ctr, Parameters: handle '1', dataStoreHelper:GXflow.Programs.twfnumerator_bc__gam
2022-07-05T11:51:04.446-03:00 [1] DEBUG GeneXus.Data.NTier.DataStoreProvider - Start DataStoreProvider.Ctr, Parameters: handle '1', dataStoreHelper:GXflow.Programs.twfnumerator_bc__default
2022-07-05T11:51:04.449-03:00 [1] DEBUG GeneXus.Metadata.ClassLoader - CreateInstance, Args 'GeneXus.Application.GxContext' 
2022-07-05T11:51:04.449-03:00 [1] DEBUG GeneXus.Data.NTier.DataStoreProvider - Start DataStoreProvider.Ctr, Parameters: handle '1', dataStoreHelper:GXflow.Programs.twfnumerator_bc__gam
2022-07-05T11:51:04.449-03:00 [1] DEBUG GeneXus.Data.NTier.DataStoreProvider - Start DataStoreProvider.Ctr, Parameters: handle '1', dataStoreHelper:GXflow.Programs.twfnumerator_bc__default
2022-07-05T11:51:04.449-03:00 [1] DEBUG GeneXus.Metadata.ClassLoader - CreateInstance, Args 'GeneXus.Application.GxContext' 
2022-07-05T11:51:04.450-03:00 [1] DEBUG GeneXus.Data.NTier.DataStoreProvider - Start DataStoreProvider.Ctr, Parameters: handle '1', dataStoreHelper:GXflow.Programs.twfdocactions_bc__gam
2022-07-05T11:51:04.450-03:00 [1] DEBUG GeneXus.Data.NTier.DataStoreProvider - Start DataStoreProvider.Ctr, Parameters: handle '1', dataStoreHelper:GXflow.Programs.twfdocactions_bc__default
2022-07-05T11:51:04.452-03:00 [1] DEBUG GeneXus.Metadata.ClassLoader - CreateInstance, Args 'GeneXus.Application.GxContext' 
2022-07-05T11:51:04.453-03:00 [1] DEBUG GeneXus.Data.NTier.DataStoreProvider - Start DataStoreProvider.Ctr, Parameters: handle '1', dataStoreHelper:GXflow.Programs.twfevntypes_bc__gam
2022-07-05T11:51:04.453-03:00 [1] DEBUG GeneXus.Data.NTier.DataStoreProvider - Start DataStoreProvider.Ctr, Parameters: handle '1', dataStoreHelper:GXflow.Programs.twfevntypes_bc__default
2022-07-05T11:51:04.455-03:00 [1] DEBUG GeneXus.Metadata.ClassLoader - CreateInstance, Args 'GeneXus.Application.GxContext' 
2022-07-05T11:51:04.457-03:00 [1] DEBUG GeneXus.Data.NTier.DataStoreProvider - Start DataStoreProvider.Ctr, Parameters: handle '1', dataStoreHelper:GXflow.Programs.tcaapp_bc__gam
2022-07-05T11:51:04.457-03:00 [1] DEBUG GeneXus.Data.NTier.DataStoreProvider - Start DataStoreProvider.Ctr, Parameters: handle '1', dataStoreHelper:GXflow.Programs.tcaapp_bc__default
2022-07-05T11:51:04.461-03:00 [1] DEBUG GeneXus.Metadata.ClassLoader - CreateInstance, Args 'GeneXus.Application.GxContext' 
2022-07-05T11:51:04.461-03:00 [1] DEBUG GeneXus.Data.NTier.DataStoreProvider - Start DataStoreProvider.Ctr, Parameters: handle '1', dataStoreHelper:GXflow.Programs.tcatypes_bc__gam
2022-07-05T11:51:04.462-03:00 [1] DEBUG GeneXus.Data.NTier.DataStoreProvider - Start DataStoreProvider.Ctr, Parameters: handle '1', dataStoreHelper:GXflow.Programs.tcatypes_bc__default
2022-07-05T11:51:04.465-03:00 [1] DEBUG GeneXus.Data.NTier.DataStoreProvider - Start DataStoreProvider.Ctr, Parameters: handle '1', dataStoreHelper:GXflow.Programs.apwfimpact__gam
2022-07-05T11:51:04.466-03:00 [1] DEBUG GeneXus.Data.NTier.DataStoreProvider - Start DataStoreProvider.Ctr, Parameters: handle '1', dataStoreHelper:GXflow.Programs.apwfimpact__default
2022-07-05T11:51:04.488-03:00 [1] DEBUG GeneXus.Resources.GXResourceManager - FindResources C:/GeneXus/GeneXus17/Packages/Gxpm/Platforms/netoracle\messages.eng.dll
2022-07-05T11:51:04.493-03:00 [1] INFO  GXflow.Programs.apwfimpact - Connecting to Database...
2022-07-05T11:51:04.497-03:00 [1] DEBUG GeneXus.Data.ADO.GxCommand - GxCommand.FetchSize: 100, handle '1'
2022-07-05T11:51:04.498-03:00 [1] DEBUG GeneXus.Data.GxODPOracle - Loading Oracle.DataAccess from GAC
2022-07-05T11:51:04.501-03:00 [1] DEBUG GeneXus.Data.GxODPOracle - Oracle.DataAccess Loaded from GAC
2022-07-05T11:51:04.557-03:00 [1] DEBUG GeneXus.Data.NTier.DataStoreProvider - gxObject:GXflow.Programs.twfcalendars_bc__default, handle '1' cursorName:BC001V18
2022-07-05T11:51:04.559-03:00 [1] DEBUG GeneXus.Data.ADO.GxCommand - ExecuteReader: Parameters WFCalId='0' 
2022-07-05T11:51:04.561-03:00 [1] DEBUG GeneXus.Data.ADO.GxConnection - Start GxConnection.Open, autoCommit=False handle:1 datastore:GXFLOW
2022-07-05T11:51:04.562-03:00 [1] DEBUG GeneXus.Data.GxODPOracle - Setting connectionString property Data Source=SERVIDOR_DB;;User ID=DEFAULT_USER_ID;Password=xxxxx
2022-07-05T11:51:31.676-03:00 [1] ERROR GeneXus.Data.OracleConnectionWrapper - Return GxConnection.Open Error 
Oracle.DataAccess.Client.OracleException (0x80004005): ORA-12154: TNS:could not resolve the connect identifier specified
   at Oracle.DataAccess.Client.OracleException.HandleErrorHelper(Int32 errCode, OracleConnection conn, IntPtr opsErrCtx, OpoSqlValCtx* pOpoSqlValCtx, Object src, String procedure, Boolean bCheck, Int32 isRecoverable, OracleLogicalTransaction m_OracleLogicalTransaction)
   at Oracle.DataAccess.Client.OracleException.HandleError(Int32 errCode, OracleConnection conn, IntPtr opsErrCtx, Object src, OracleLogicalTransaction m_oracleLogicalTransaction)
   at Oracle.DataAccess.Client.OracleConnectionOCP.Open(OracleConnection con)
   at Oracle.DataAccess.Client.OracleConnection.Open()
   at GeneXus.Data.OracleConnectionWrapper.Open()
2022-07-05T11:51:31.683-03:00 [1] DEBUG GeneXus.Data.GxODPOracle - ProcessError: dbmsErrorCode=12154, emsg 'ORA-12154: TNS:could not resolve the connect identifier specified'
2022-07-05T11:51:31.683-03:00 [1] ERROR GeneXus.Data.ADO.GxConnection - GxConnection.Open Error 
Type:GeneXus.Data.GxADODataException.DBMS Error Code:12154.ORA-12154: TNS:could not resolve the connect identifier specified
2022-07-05T11:51:31.684-03:00 [1] ERROR GeneXus.Data.ADO.GxCommand - Return GxCommand.ExecuteReader Error 
Type:GeneXus.Data.GxADODataException.DBMS Error Code:12154.ORA-12154: TNS:could not resolve the connect identifier specified
2022-07-05T11:51:31.684-03:00 [1] DEBUG GeneXus.Data.GxODPOracle - ProcessError: dbmsErrorCode=12154, emsg 'ORA-12154: TNS:could not resolve the connect identifier specified'
2022-07-05T11:51:31.684-03:00 [1] ERROR GeneXus.Data.ADO.GxCommand - GxCommand.FetchData Error 
2022-07-05T11:51:31.685-03:00 [1] DEBUG GeneXus.Data.ADO.GxConnection - GxConnection.Close Id  connection State 'Closed' handle:1 datastore:GXFLOW
2022-07-05T11:51:31.686-03:00 [1] DEBUG GeneXus.Data.ADO.GxConnection - UncommitedChanges before Close:False
2022-07-05T11:51:31.686-03:00 [1] DEBUG GeneXus.Data.ADO.GxConnection - GxConnection.Close connection is closed 
2022-07-05T11:51:31.689-03:00 [1] DEBUG GeneXus.Utils.GXUtil - Start SaveToEventLog, Parameters: appName 'GeneXus 17 - Trunk',_message 'Type:GeneXus.Data.GxADODataException.DBMS Error Code:12154.ORA-12154: TNS:could not resolve the connect identifier specified
in: apwfimpact.exe
Stack Trace:
   at GeneXus.Data.ADO.GxCommand.FetchData(IDataReader& dr)
   at GeneXus.Data.NTier.ADO.ForEachCursor.execute()
   at GeneXus.Data.NTier.DataStoreProvider.execute(Int32 cursor, Object[] parms, Boolean batch)
   at GeneXus.Data.NTier.DataStoreProvider.execute(Int32 cursor, Object[] parms)
   at GXflow.Programs.twfcalendars_bc.ScanKeyStart1V69()
   at GXflow.Programs.twfcalendars_bc.LoadKey(Object[] obj)
   at GXflow.Programs.SdtTWFCalendars.Load(Int16 AV432WFCalId)
   at GXflow.Programs.apwfimpact.S821()
   at GXflow.Programs.apwfimpact.executePrivate()
   at GXflow.Programs.apwfimpact.execute(String aP0_fileAbsName, Int16 aP1_newVersion, Int16 aP2_setActive, Int16 aP3_debug, Int16 aP4_verbose, Int16 aP5_convert)
   at GXflow.Programs.apwfimpact.executeCmdLine(String[] args)
   at GXflow.Programs.apwfimpact.Main(String[] args)'
2022-07-05T11:51:31.689-03:00 [1] DEBUG GeneXus.Utils.GXUtil - EventLog SourceExists: true
2022-07-05T11:51:31.691-03:00 [1] DEBUG GeneXus.Utils.GXUtil - MachineName '.',log 'Application', logName 'Application
